<?xml version="1.0" encoding="UTF-8"?>
<!-- Generated by org.testng.reporters.JUnitReportReporter -->
<testsuite hostname="DESKTOP-B6M4AQC" failures="0" tests="1" name="c_19CRunSequential_Parallel.CreateLead24" time="34.276" errors="0" timestamp="2024-10-04T23:33:17 EDT" skipped="0">
  <testcase classname="c_19CRunSequential_Parallel.CreateLead24" name="createLead" time="34.276"/>
  <system-out/>
</testsuite> <!-- c_19CRunSequential_Parallel.CreateLead24 -->
