<?xml version="1.0" encoding="UTF-8"?>
<!-- Generated by org.testng.reporters.JUnitReportReporter -->
<testsuite hostname="DESKTOP-B6M4AQC" failures="0" tests="1" name="javaDemo.String_Concept_Memory1" time="0.011" errors="0" timestamp="2023-02-26T01:38:14 EST" skipped="0">
  <testcase classname="javaDemo.String_Concept_Memory1" name="String_Concept_Memory1" time="0.011"/>
  <system-out/>
</testsuite> <!-- javaDemo.String_Concept_Memory1 -->
