<?xml version="1.0" encoding="UTF-8"?>
<!-- Generated by org.testng.reporters.JUnitReportReporter -->
<testsuite hostname="DESKTOP-B6M4AQC" failures="0" tests="1" name="testNgDemo.DeleteLead" time="12.618" errors="0" timestamp="2023-03-11T23:58:23 EST" skipped="0">
  <testcase classname="testNgDemo.DeleteLead" name="deleteLead" time="12.618"/>
  <system-out/>
</testsuite> <!-- testNgDemo.DeleteLead -->
