<?xml version="1.0" encoding="UTF-8"?>
<!-- Generated by org.testng.reporters.JUnitReportReporter -->
<testsuite hostname="DESKTOP-B6M4AQC" failures="0" tests="1" name="testingTestClasses24.DeleteLeadWrap" time="15.968" errors="0" timestamp="2024-10-05T12:21:07 EDT" skipped="0">
  <testcase classname="testingTestClasses24.DeleteLeadWrap" name="deleteLead" time="15.968"/>
  <system-out/>
</testsuite> <!-- testingTestClasses24.DeleteLeadWrap -->
