<?xml version="1.0" encoding="UTF-8"?>
<!-- Generated by org.testng.reporters.JUnitReportReporter -->
<testsuite hostname="DESKTOP-B6M4AQC" failures="0" tests="1" name="wrapper.CreateLead" time="22.692" errors="0" timestamp="2023-03-02T01:39:56 EST" skipped="0">
  <testcase classname="wrapper.CreateLead" name="createLead" time="22.692"/>
  <system-out/>
</testsuite> <!-- wrapper.CreateLead -->
