<?xml version="1.0" encoding="UTF-8"?>
<!-- Generated by org.testng.reporters.JUnitReportReporter -->
<testsuite hostname="DESKTOP-B6M4AQC" failures="0" tests="1" name="learnTestNG.CreateLead03" time="43.821" errors="0" timestamp="2023-03-13T10:46:34 EDT" skipped="0">
  <testcase classname="learnTestNG.CreateLead03" name="createLead" time="43.821"/>
  <system-out/>
</testsuite> <!-- learnTestNG.CreateLead03 -->
