<?xml version="1.0" encoding="UTF-8"?>
<!-- Generated by org.testng.reporters.JUnitReportReporter -->
<testsuite hostname="DESKTOP-B6M4AQC" failures="0" tests="1" name="c_18C1_C2_TestNG_Demo.TestNGStringConcept24Ist" time="0.021" errors="0" timestamp="2024-10-04T10:45:11 EDT" skipped="0">
  <testcase classname="c_18C1_C2_TestNG_Demo.TestNGStringConcept24Ist" name="StringConcept" time="0.021"/>
  <system-out/>
</testsuite> <!-- c_18C1_C2_TestNG_Demo.TestNGStringConcept24Ist -->
