<?xml version="1.0" encoding="UTF-8"?>
<!-- Generated by org.testng.reporters.JUnitReportReporter -->
<testsuite hostname="DESKTOP-B6M4AQC" failures="0" tests="3" name="tc_ConnectInheritanceConcept.CreateLeadWrap24" time="66.334" errors="0" timestamp="2024-10-05T13:03:22 EDT" skipped="0">
  <testcase classname="tc_ConnectInheritanceConcept.CreateLeadWrap24" name="createLead" time="22.102"/>
  <system-out/>
  <testcase classname="tc_ConnectInheritanceConcept.CreateLeadWrap24" name="createLead" time="21.478"/>
  <system-out/>
  <testcase classname="tc_ConnectInheritanceConcept.CreateLeadWrap24" name="createLead" time="22.754"/>
  <system-out/>
</testsuite> <!-- tc_ConnectInheritanceConcept.CreateLeadWrap24 -->
