<?xml version="1.0" encoding="UTF-8"?>
<!-- Generated by org.testng.reporters.JUnitReportReporter -->
<testsuite hostname="DESKTOP-B6M4AQC" failures="0" tests="1" name="testNgDemo.CreateLead" time="24.003" errors="0" timestamp="2023-02-26T12:02:22 EST" skipped="0">
  <testcase classname="testNgDemo.CreateLead" name="createLead" time="24.003"/>
  <system-out/>
</testsuite> <!-- testNgDemo.CreateLead -->
