<?xml version="1.0" encoding="UTF-8"?>
<!-- Generated by org.testng.reporters.JUnitReportReporter -->
<testsuite hostname="DESKTOP-B6M4AQC" failures="0" tests="4" name="c_18C1_C2_TestNG_Demo.AnnotationOrder24" time="0.021" errors="0" timestamp="2024-10-04T18:47:26 EDT" skipped="0">
  <testcase classname="c_18C1_C2_TestNG_Demo.AnnotationOrder24" name="test3" time="0.014"/>
  <system-out/>
  <testcase classname="c_18C1_C2_TestNG_Demo.AnnotationOrder24" name="test" time="0.002"/>
  <system-out/>
  <testcase classname="c_18C1_C2_TestNG_Demo.AnnotationOrder24" name="test1" time="0.002"/>
  <system-out/>
  <testcase classname="c_18C1_C2_TestNG_Demo.AnnotationOrder24" name="test2" time="0.003"/>
  <system-out/>
</testsuite> <!-- c_18C1_C2_TestNG_Demo.AnnotationOrder24 -->
