<?xml version="1.0" encoding="UTF-8"?>
<!-- Generated by org.testng.reporters.JUnitReportReporter -->
<testsuite hostname="rawshans" failures="0" tests="5" name="stepsDefinition.TestRunner" time="108.561" errors="0" timestamp="2024-11-22T13:34:34 EST" skipped="0">
  <testcase classname="stepsDefinition.TestRunner" name="runScenario" time="13.836"/>
  <system-out/>
  <testcase classname="stepsDefinition.TestRunner" name="runScenario" time="26.658"/>
  <system-out/>
  <testcase classname="stepsDefinition.TestRunner" name="runScenario" time="15.535"/>
  <system-out/>
  <testcase classname="stepsDefinition.TestRunner" name="runScenario" time="27.857"/>
  <system-out/>
  <testcase classname="stepsDefinition.TestRunner" name="runScenario" time="24.675"/>
  <system-out/>
</testsuite> <!-- stepsDefinition.TestRunner -->
