<?xml version="1.0" encoding="UTF-8"?>
<!-- Generated by org.testng.reporters.JUnitReportReporter -->
<testsuite hostname="DESKTOP-B6M4AQC" failures="0" tests="1" name="testingTestClasses24.CreateLeadWrap" time="24.981" errors="0" timestamp="2024-10-05T12:16:33 EDT" skipped="0">
  <testcase classname="testingTestClasses24.CreateLeadWrap" name="createLead" time="24.981"/>
  <system-out/>
</testsuite> <!-- testingTestClasses24.CreateLeadWrap -->
