<?xml version="1.0" encoding="UTF-8"?>
<!-- Generated by org.testng.reporters.JUnitReportReporter -->
<testsuite hostname="DESKTOP-B6M4AQC" failures="0" tests="3" name="testNgDemo.AnnotationsOrder" time="0.013" errors="0" timestamp="2024-09-12T22:53:33 EDT" skipped="0">
  <testcase classname="testNgDemo.AnnotationsOrder" name="test3" time="0.001"/>
  <system-out/>
  <testcase classname="testNgDemo.AnnotationsOrder" name="test1" time="0.009"/>
  <system-out/>
  <testcase classname="testNgDemo.AnnotationsOrder" name="test2" time="0.003"/>
  <system-out/>
</testsuite> <!-- testNgDemo.AnnotationsOrder -->
