<?xml version="1.0" encoding="UTF-8"?>
<!-- Generated by org.testng.reporters.JUnitReportReporter -->
<testsuite hostname="DESKTOP-B6M4AQC" failures="0" tests="1" name="wrapper.DeleteLead" time="28.430" errors="0" timestamp="2023-02-26T11:52:17 EST" skipped="0">
  <testcase classname="wrapper.DeleteLead" name="deleteLead" time="28.430"/>
  <system-out/>
</testsuite> <!-- wrapper.DeleteLead -->
