<?xml version="1.0" encoding="UTF-8"?>
<!-- Generated by org.testng.reporters.JUnitReportReporter -->
<testsuite hostname="rawshans" failures="0" tests="1" name="com.testLeaf.testcases.ExecuteTestCases" time="18.584" errors="0" timestamp="2024-11-11T13:27:35 EST" skipped="0">
  <testcase classname="com.testLeaf.testcases.ExecuteTestCases" name="verifyTestLeafLogin" time="18.584"/>
  <system-out/>
</testsuite> <!-- com.testLeaf.testcases.ExecuteTestCases -->
