<?xml version="1.0" encoding="UTF-8"?>
<!-- Generated by org.testng.reporters.JUnitReportReporter -->
<testsuite hostname="rawshans" failures="0" tests="1" name="c_22C1_C2_learnTestNGParameters_TakeSnapShot.Parameters_CreateLead24" time="21.710" errors="0" timestamp="2024-10-12T11:12:59 EDT" skipped="0">
  <testcase classname="c_22C1_C2_learnTestNGParameters_TakeSnapShot.Parameters_CreateLead24" name="createLead" time="21.710"/>
  <system-out/>
</testsuite> <!-- c_22C1_C2_learnTestNGParameters_TakeSnapShot.Parameters_CreateLead24 -->
