<?xml version="1.0" encoding="UTF-8"?>
<!-- Generated by org.testng.reporters.JUnitReportReporter -->
<testsuite hostname="DESKTOP-B6M4AQC" failures="0" tests="1" name="c_18C1_C2_TestNG_Demo.BeforeAndAfterMethod24" time="20.854" errors="0" timestamp="2024-10-04T18:58:42 EDT" skipped="0">
  <testcase classname="c_18C1_C2_TestNG_Demo.BeforeAndAfterMethod24" name="createLead" time="20.854"/>
  <system-out/>
</testsuite> <!-- c_18C1_C2_TestNG_Demo.BeforeAndAfterMethod24 -->
